生成启动时间为 2019/11/28 11:01:24。
     1>项目“C:\Users\lenovo\Desktop\网络编程大作业\SaleSystem\SaleSystem\SaleSystem.vcxproj”在节点 2 上(build 个目标)。
     1>InitializeBuildStatus:
         正在创建“Release\SaleSystem.unsuccessfulbuild”，因为已指定“AlwaysCreate”。
       ClCompile:
         C:\Program Files (x86)\Microsoft Visual Studio 10.0\VC\bin\CL.exe /c /Zi /nologo /W3 /WX- /O2 /Oi /Oy- /GL /D WIN32 /D _WINDOWS /D NDEBUG /D _UNICODE /D UNICODE /D _AFXDLL /Gm- /EHsc /MD /GS /Gy /fp:precise /Zc:wchar_t /Zc:forScope /Yc"StdAfx.h" /Fp"Release\SaleSystem.pch" /Fo"Release\\" /Fd"Release\vc100.pdb" /Gd /TP /analyze- /errorReport:prompt stdafx.cpp
         stdafx.cpp
         C:\Program Files (x86)\Microsoft Visual Studio 10.0\VC\bin\CL.exe /c /Zi /nologo /W3 /WX- /O2 /Oi /Oy- /GL /D WIN32 /D _WINDOWS /D NDEBUG /D _UNICODE /D UNICODE /D _AFXDLL /Gm- /EHsc /MD /GS /Gy /fp:precise /Zc:wchar_t /Zc:forScope /Yu"StdAfx.h" /Fp"Release\SaleSystem.pch" /Fo"Release\\" /Fd"Release\vc100.pdb" /Gd /TP /analyze- /errorReport:prompt AddDlg.cpp DelDlg.cpp DisplayView.cpp InfoDlg.cpp InfoFile.cpp LoginDlg.cpp MainFrm.cpp SaleSystem.cpp SaleSystemDoc.cpp SaleSystemView.cpp SelectView.cpp SellDlg.cpp SortList.cpp UserDlg.cpp
         AddDlg.cpp
         DelDlg.cpp
         DisplayView.cpp
         InfoDlg.cpp
         InfoFile.cpp
     1>InfoFile.cpp(62): warning C4996: 'strtok': This function or variable may be unsafe. Consider using strtok_s instead. To disable deprecation, use _CRT_SECURE_NO_WARNINGS. See online help for details.
                 C:\Program Files (x86)\Microsoft Visual Studio 10.0\VC\include\string.h(197) : 参见“strtok”的声明
     1>InfoFile.cpp(72): warning C4996: 'strtok': This function or variable may be unsafe. Consider using strtok_s instead. To disable deprecation, use _CRT_SECURE_NO_WARNINGS. See online help for details.
                 C:\Program Files (x86)\Microsoft Visual Studio 10.0\VC\include\string.h(197) : 参见“strtok”的声明
     1>InfoFile.cpp(75): warning C4996: 'strtok': This function or variable may be unsafe. Consider using strtok_s instead. To disable deprecation, use _CRT_SECURE_NO_WARNINGS. See online help for details.
                 C:\Program Files (x86)\Microsoft Visual Studio 10.0\VC\include\string.h(197) : 参见“strtok”的声明
     1>InfoFile.cpp(78): warning C4996: 'strtok': This function or variable may be unsafe. Consider using strtok_s instead. To disable deprecation, use _CRT_SECURE_NO_WARNINGS. See online help for details.
                 C:\Program Files (x86)\Microsoft Visual Studio 10.0\VC\include\string.h(197) : 参见“strtok”的声明
         LoginDlg.cpp
         MainFrm.cpp
         SaleSystem.cpp
         SaleSystemDoc.cpp
         SaleSystemView.cpp
         SelectView.cpp
         SellDlg.cpp
         SortList.cpp
         UserDlg.cpp
       ResourceCompile:
         C:\Program Files (x86)\Microsoft SDKs\Windows\v7.0A\bin\rc.exe /D NDEBUG /D _UNICODE /D UNICODE /D _AFXDLL /l"0x0804" /IRelease\ /nologo /fo"Release\SaleSystem.res" SaleSystem.rc 
       Link:
         C:\Program Files (x86)\Microsoft Visual Studio 10.0\VC\bin\link.exe /ERRORREPORT:PROMPT /OUT:"C:\Users\lenovo\Desktop\网络编程大作业\SaleSystem\Release\SaleSystem.exe" /INCREMENTAL:NO /NOLOGO /MANIFEST /ManifestFile:"Release\SaleSystem.exe.intermediate.manifest" /MANIFESTUAC:"level='asInvoker' uiAccess='false'" /DEBUG /PDB:"C:\Users\lenovo\Desktop\网络编程大作业\SaleSystem\Release\SaleSystem.pdb" /SUBSYSTEM:WINDOWS /OPT:REF /OPT:ICF /LTCG /TLBID:1 /ENTRY:"wWinMainCRTStartup" /DYNAMICBASE /NXCOMPAT /IMPLIB:"C:\Users\lenovo\Desktop\网络编程大作业\SaleSystem\Release\SaleSystem.lib" /MACHINE:X86 Release\SaleSystem.res
         Release\AddDlg.obj
         Release\DelDlg.obj
         Release\DisplayView.obj
         Release\InfoDlg.obj
         Release\InfoFile.obj
         Release\LoginDlg.obj
         Release\MainFrm.obj
         Release\SaleSystem.obj
         Release\SaleSystemDoc.obj
         Release\SaleSystemView.obj
         Release\SelectView.obj
         Release\SellDlg.obj
         Release\SortList.obj
         Release\stdafx.obj
         Release\UserDlg.obj
         正在生成代码
         已完成代码的生成
         SaleSystem.vcxproj -> C:\Users\lenovo\Desktop\网络编程大作业\SaleSystem\Release\SaleSystem.exe
       Manifest:
         C:\Program Files (x86)\Microsoft SDKs\Windows\v7.0A\bin\mt.exe /nologo /verbose /outputresource:"C:\Users\lenovo\Desktop\网络编程大作业\SaleSystem\Release\SaleSystem.exe;#1" /manifest Release\SaleSystem.exe.intermediate.manifest "C:\Program Files (x86)\Microsoft Visual Studio 10.0\VC\Include\Manifest\dpiaware.manifest"
       FinalizeBuildStatus:
         正在删除文件“Release\SaleSystem.unsuccessfulbuild”。
         正在对“Release\SaleSystem.lastbuildstate”执行 Touch 任务。
     1>已完成生成项目“C:\Users\lenovo\Desktop\网络编程大作业\SaleSystem\SaleSystem\SaleSystem.vcxproj”(build 个目标)的操作。

生成成功。

已用时间 00:00:11.89
