生成启动时间为 2019/12/16 21:32:56。
项目“C:\Users\Administrator\Desktop\week8_02\Server\Server\Server\Server.vcxproj”在节点 2 上(build 个目标)。
InitializeBuildStatus:
  正在创建“Debug\Server.unsuccessfulbuild”，因为已指定“AlwaysCreate”。
ClCompile:
  所有输出均为最新。
  c:\Program Files (x86)\Microsoft Visual Studio 10.0\VC\bin\CL.exe /c /ZI /nologo /W3 /WX- /Od /Oy- /D WIN32 /D _WINDOWS /D _DEBUG /D _MBCS /D _AFXDLL /Gm /EHsc /RTC1 /MDd /GS /fp:precise /Zc:wchar_t /Zc:forScope /Yu"StdAfx.h" /Fp"Debug\Server.pch" /Fo"Debug\\" /Fd"Debug\vc100.pdb" /Gd /TP /analyze- /errorReport:prompt ServerDlg.cpp
  ServerDlg.cpp
ResourceCompile:
  所有输出均为最新。
Link:
  c:\Program Files (x86)\Microsoft Visual Studio 10.0\VC\bin\link.exe /ERRORREPORT:PROMPT /OUT:"C:\Users\Administrator\Desktop\week8_02\Server\Server\Debug\Server.exe" /INCREMENTAL /NOLOGO /MANIFEST /ManifestFile:"Debug\Server.exe.intermediate.manifest" /MANIFESTUAC:"level='asInvoker' uiAccess='false'" /DEBUG /PDB:"C:\Users\Administrator\Desktop\week8_02\Server\Server\Debug\Server.pdb" /SUBSYSTEM:WINDOWS /TLBID:1 /DYNAMICBASE /NXCOMPAT /IMPLIB:"C:\Users\Administrator\Desktop\week8_02\Server\Server\Debug\Server.lib" /MACHINE:X86 Debug\Server.res
  Debug\Server.obj
  Debug\ServerDlg.obj
  Debug\ServerSocket.obj
  Debug\stdafx.obj
  Server.vcxproj -> C:\Users\Administrator\Desktop\week8_02\Server\Server\Debug\Server.exe
Manifest:
  c:\Program Files (x86)\Microsoft SDKs\Windows\v7.0A\bin\mt.exe /nologo /verbose /out:"C:\Users\Administrator\Desktop\week8_02\Server\Server\Debug\Server.exe.manifest" /manifest Debug\Server.exe.intermediate.manifest "c:\Program Files (x86)\Microsoft Visual Studio 10.0\VC\Include\Manifest\dpiaware.manifest"
FinalizeBuildStatus:
  正在删除文件“Debug\Server.unsuccessfulbuild”。
  正在对“Debug\Server.lastbuildstate”执行 Touch 任务。
已完成生成项目“C:\Users\Administrator\Desktop\week8_02\Server\Server\Server\Server.vcxproj”(build 个目标)的操作。

生成成功。

已用时间 00:00:02.78
